<?xml version="1.0" encoding="UTF-8"?>
<!-- Generated by org.testng.reporters.JUnitReportReporter -->
<testsuite hostname="DESKTOP-80S1BNG" failures="0" tests="1" name="tests.LoginTest" time="8.400" errors="0" timestamp="2024-06-05T20:14:02 CEST" skipped="0">
  <testcase classname="tests.LoginTest" name="TestSuccessfullLogin" time="8.400"/>
</testsuite> <!-- tests.LoginTest -->
